<?xml version="1.0" encoding="UTF-8"?>
<!-- Generated by org.testng.reporters.JUnitXMLReporter -->
<testsuite hostname="LAPTOP-PFJSNPSM" ignored="1" name="Test" tests="2" failures="0" timestamp="2021-03-03T00:53:39 IST" time="23.688" errors="0">
  <testcase name="loginApp" time="6.121" classname="com.org.testcases.TestAmazonApplication"/>
  <testcase name="allLinks" time="5.151" classname="com.org.testcases.TestAmazonApplication"/>
  <testcase name="@BeforeSuite setUpSuite" time="0.0" classname="com.org.pages.BaseClass">
    <ignored/>
  </testcase> <!-- @BeforeSuite setUpSuite -->
</testsuite> <!-- Test -->
